<?xml version="1.0" encoding="UTF-8"?>
<testsuite name="TestSuite" time="17.949" tests="12" errors="0" skipped="0" failures="0">
  <properties>
    <property name="java.runtime.name" value="Java(TM) SE Runtime Environment"/>
    <property name="java.vm.version" value="15.0.1+9-18"/>
    <property name="sun.boot.library.path" value="C:\Program Files\Java\jdk-15.0.1\bin"/>
    <property name="browser" value="chrome"/>
    <property name="maven.multiModuleProjectDirectory" value="C:\Users\bobr_\OneDrive\Рабочий стол\innowise_training\seleniumWebdriverTask"/>
    <property name="java.vm.vendor" value="Oracle Corporation"/>
    <property name="java.vendor.url" value="https://java.oracle.com/"/>
    <property name="guice.disable.misplaced.annotation.check" value="true"/>
    <property name="path.separator" value=";"/>
    <property name="java.vm.name" value="Java HotSpot(TM) 64-Bit Server VM"/>
    <property name="sun.os.patch.level" value=""/>
    <property name="user.script" value=""/>
    <property name="user.country" value="RU"/>
    <property name="sun.java.launcher" value="SUN_STANDARD"/>
    <property name="java.vm.specification.name" value="Java Virtual Machine Specification"/>
    <property name="user.dir" value="C:\Users\bobr_\OneDrive\Рабочий стол\innowise_training\seleniumWebdriverTask"/>
    <property name="java.vm.compressedOopsMode" value="32-bit"/>
    <property name="java.runtime.version" value="15.0.1+9-18"/>
    <property name="os.arch" value="amd64"/>
    <property name="java.io.tmpdir" value="C:\Users\bobr_\AppData\Local\Temp\"/>
    <property name="line.separator" value="&#10;"/>
    <property name="java.vm.specification.vendor" value="Oracle Corporation"/>
    <property name="user.variant" value=""/>
    <property name="os.name" value="Windows 10"/>
    <property name="classworlds.conf" value="C:\Users\bobr_\Downloads\apache-maven-3.6.3\bin\..\bin\m2.conf"/>
    <property name="sun.jnu.encoding" value="Cp1251"/>
    <property name="java.library.path" value="C:\Program Files\Java\jdk-15.0.1\bin;C:\WINDOWS\Sun\Java\bin;C:\WINDOWS\system32;C:\WINDOWS;C:\Program Files\Common Files\Oracle\Java\javapath;C:\Program Files (x86)\Common Files\Oracle\Java\javapath;C:\ProgramData\Oracle\Java\javapath;C:\WINDOWS\system32;C:\WINDOWS;C:\WINDOWS\System32\Wbem;C:\WINDOWS\System32\WindowsPowerShell\v1.0\;C:\WINDOWS\System32\OpenSSH\;C:\Program Files\Intel\WiFi\bin\;C:\Program Files\Common Files\Intel\WirelessCommon\;C:\Program Files\Microsoft\Web Platform Installer\;C:\Program Files (x86)\Microsoft ASP.NET\ASP.NET Web Pages\v1.0\;C:\Program Files\Microsoft SQL Server\Client SDK\ODBC\170\Tools\Binn\;C:\Program Files (x86)\Wolfram Research\WolframScript\;C:\ProgramData\chocolatey\bin;C:\Program Files\Microsoft SQL Server\Client SDK\ODBC\130\Tools\Binn\;C:\Program Files (x86)\Microsoft SQL Server\140\Tools\Binn\;C:\Program Files\Microsoft SQL Server\140\Tools\Binn\;C:\Program Files\Microsoft SQL Server\140\DTS\Binn\;C:\Program Files (x86)\Microsoft SQL Server\150\DTS\Binn\;C:\Program Files (x86)\Microsoft SQL Server\150\Tools\Binn\;C:\Program Files\Microsoft SQL Server\150\Tools\Binn\;C:\Program Files\Microsoft SQL Server\150\DTS\Binn\;C:\Program Files (x86)\Microsoft SQL Server\110\DTS\Binn\;C:\Program Files (x86)\Microsoft SQL Server\120\DTS\Binn\;C:\Program Files (x86)\Microsoft SQL Server\130\DTS\Binn\;C:\Program Files (x86)\Microsoft SQL Server\140\DTS\Binn\;C:\Program Files\Polyspace\R2020b\runtime\win64;C:\Program Files\Polyspace\R2020b\bin;C:\Program Files\Polyspace\R2020b\polyspace\bin;C:\Program Files\dotnet\;C:\WINDOWS\system32;C:\WINDOWS;C:\WINDOWS\System32\Wbem;C:\WINDOWS\System32\WindowsPowerShell\v1.0\;C:\WINDOWS\System32\OpenSSH\;C:\Program Files\Git\cmd;C:\Program Files\Microsoft SQL Server\130\Tools\Binn\;C:\Program Files (x86)\Intel\Intel(R) Management Engine Components\DAL;C:\Program Files\Intel\Intel(R) Management Engine Components\DAL;C:\Program Files (x86)\dotnet\;C:\Users\bobr_\AppData\Local\Programs\Python\Python310\Scripts\;C:\Users\bobr_\AppData\Local\Programs\Python\Python310\;C:\Program Files\Java\jdk-15.0.1\bin;C:\Users\bobr_\Downloads\apache-maven-3.6.3\bin;C:\Users\bobr_\AppData\Local\Programs\Microsoft VS Code\bin;C:\Users\bobr_\AppData\Local\Microsoft\WindowsApps;C:\Program Files\heroku\bin;C:\webdriver;C:\Users\bobr_\Downloads\gradle-7.4.1-all\gradle-7.4.1\bin;C:\Users\bobr_\.dotnet\tools;."/>
    <property name="maven.conf" value="C:\Users\bobr_\Downloads\apache-maven-3.6.3\bin\../conf"/>
    <property name="jdk.debug" value="release"/>
    <property name="java.class.version" value="59.0"/>
    <property name="java.specification.name" value="Java Platform API Specification"/>
    <property name="sun.management.compiler" value="HotSpot 64-Bit Tiered Compilers"/>
    <property name="os.version" value="10.0"/>
    <property name="library.jansi.path" value="C:\Users\bobr_\Downloads\apache-maven-3.6.3\bin\..\lib\jansi-native"/>
    <property name="surefire.suiteXmlFiles" value="src\main\resources\testng.xml"/>
    <property name="user.home" value="C:\Users\bobr_"/>
    <property name="user.timezone" value="Europe/Minsk"/>
    <property name="file.encoding" value="Cp1251"/>
    <property name="java.specification.version" value="15"/>
    <property name="user.name" value="bobr_"/>
    <property name="java.class.path" value="C:\Users\bobr_\Downloads\apache-maven-3.6.3\bin\..\boot\plexus-classworlds-2.6.0.jar"/>
    <property name="java.vm.specification.version" value="15"/>
    <property name="sun.arch.data.model" value="64"/>
    <property name="sun.java.command" value="org.codehaus.plexus.classworlds.launcher.Launcher -Dbrowser=chrome -Dsurefire.suiteXmlFiles=src\main\resources\testng.xml clean test"/>
    <property name="java.home" value="C:\Program Files\Java\jdk-15.0.1"/>
    <property name="user.language" value="ru"/>
    <property name="java.specification.vendor" value="Oracle Corporation"/>
    <property name="java.vm.info" value="mixed mode, sharing"/>
    <property name="java.version" value="15.0.1"/>
    <property name="java.vendor" value="Oracle Corporation"/>
    <property name="sun.stderr.encoding" value="cp866"/>
    <property name="maven.home" value="C:\Users\bobr_\Downloads\apache-maven-3.6.3\bin\.."/>
    <property name="file.separator" value="\"/>
    <property name="java.version.date" value="2020-10-20"/>
    <property name="java.vendor.url.bug" value="https://bugreport.java.com/bugreport/"/>
    <property name="sun.io.unicode.encoding" value="UnicodeLittle"/>
    <property name="sun.cpu.endian" value="little"/>
    <property name="sun.stdout.encoding" value="cp866"/>
    <property name="sun.cpu.isalist" value="amd64"/>
  </properties>
  <testcase name="isAlertAppearAfterRightClickOnBoxTest" classname="pages.heroku.ContextMenuPageTest" time="3.102"/>
  <testcase name="isFileUploadedAfterClickUploadButtonTest" classname="pages.heroku.FileUploadPageTest" time="3.175"/>
  <testcase name="isCaptionOfProductEqualsProductNameInSearchFieldTest" classname="pages.onliner.OnlinerHomePageTest" time="7.224"/>
  <testcase name="isAlignCenterButtonEnabledTest" classname="pages.heroku.FramesPageTest" time="4.143"/>
  <testcase name="isCheckboxNotDisplayedAfterClickRemoveButtonTest" classname="pages.heroku.DynamicControlsPageTest" time="0"/>
  <testcase name="isInputFieldEnabledAfterClickEnableButtonTest" classname="pages.heroku.DynamicControlsPageTest" time="0"/>
  <testcase name="isInputFieldNotEnabledBeforeClickEnableButtonTest" classname="pages.heroku.DynamicControlsPageTest" time="0"/>
  <testcase name="isMessageAppearAfterClickEnableButtonTest" classname="pages.heroku.DynamicControlsPageTest" time="0"/>
  <testcase name="isMessageAppearAfterClickRemoveButtonTest" classname="pages.heroku.DynamicControlsPageTest" time="0"/>
  <testcase name="isActualMessageAfterClosingPromptContainInputDataTest" classname="pages.heroku.JavaScriptAlertsPageTest" time="0.129"/>
  <testcase name="isExpectedMessageEqualsActualAfterCancelButtonTest" classname="pages.heroku.JavaScriptAlertsPageTest" time="0.089"/>
  <testcase name="isExpectedMessageEqualsActualAfterOkButtonTest" classname="pages.heroku.JavaScriptAlertsPageTest" time="0.087"/>
</testsuite>