<?xml version="1.0" encoding="UTF-8"?>
<!-- Generated by org.testng.reporters.JUnitReportReporter -->
<testsuite hostname="DESKTOP-V33SLE7" failures="0" tests="3" name="pages.heroku.JavaScriptAlertsPageTest" time="0.001" errors="0" timestamp="2022-11-28T21:03:48 MSK" skipped="0">
  <testcase classname="pages.heroku.JavaScriptAlertsPageTest" name="isExpectedMessageEqualsActualAfterCancelButtonTest" time="0.000"/>
  <system-out/>
  <testcase classname="pages.heroku.JavaScriptAlertsPageTest" name="isExpectedMessageEqualsActualAfterOkButtonTest" time="0.000"/>
  <system-out/>
  <testcase classname="pages.heroku.JavaScriptAlertsPageTest" name="isActualMessageAfterClosingPromptContainInputDataTest" time="0.001"/>
  <system-out/>
</testsuite> <!-- pages.heroku.JavaScriptAlertsPageTest -->
