<?xml version="1.0" encoding="UTF-8"?>
<!-- Generated by org.testng.reporters.JUnitReportReporter -->
<testsuite hostname="DESKTOP-V33SLE7" failures="0" tests="5" name="pages.heroku.DynamicControlsPageTest" time="0.000" errors="0" timestamp="2022-11-28T21:03:48 MSK" skipped="0">
  <testcase classname="pages.heroku.DynamicControlsPageTest" name="isMessageAppearAfterClickRemoveButtonTest" time="0.000"/>
  <system-out/>
  <testcase classname="pages.heroku.DynamicControlsPageTest" name="isInputFieldEnabledAfterClickEnableButtonTest" time="0.000"/>
  <system-out/>
  <testcase classname="pages.heroku.DynamicControlsPageTest" name="isMessageAppearAfterClickEnableButtonTest" time="0.000"/>
  <system-out/>
  <testcase classname="pages.heroku.DynamicControlsPageTest" name="isInputFieldNotEnabledBeforeClickEnableButtonTest" time="0.000"/>
  <system-out/>
  <testcase classname="pages.heroku.DynamicControlsPageTest" name="isCheckboxNotDisplayedAfterClickRemoveButtonTest" time="0.000"/>
  <system-out/>
</testsuite> <!-- pages.heroku.DynamicControlsPageTest -->
