<?xml version="1.0" encoding="UTF-8"?>
<!-- Generated by org.testng.reporters.JUnitReportReporter -->
<testsuite hostname="DESKTOP-V33SLE7" failures="0" tests="1" name="pages.onliner.OnlinerHomePageTest" time="8.882" errors="0" timestamp="2022-12-05T21:19:16 MSK" skipped="0">
  <testcase classname="pages.onliner.OnlinerHomePageTest" name="isCaptionOfProductEqualsProductNameInSearchFieldTest" time="8.882"/>
  <system-out/>
</testsuite> <!-- pages.onliner.OnlinerHomePageTest -->
