<?xml version="1.0" encoding="UTF-8"?>
<!-- Generated by org.testng.reporters.JUnitReportReporter -->
<testsuite hostname="DESKTOP-V33SLE7" failures="0" tests="1" name="pages.heroku.ContextMenuPageTest" time="3.114" errors="0" timestamp="2022-12-07T00:12:46 MSK" skipped="0">
  <testcase classname="pages.heroku.ContextMenuPageTest" name="isAlertAppearAfterRightClickOnBoxTest" time="3.114"/>
  <system-out/>
</testsuite> <!-- pages.heroku.ContextMenuPageTest -->
