<?xml version="1.0" encoding="UTF-8"?>
<!-- Generated by org.testng.reporters.JUnitReportReporter -->
<testsuite hostname="DESKTOP-V33SLE7" failures="0" tests="1" name="pages.heroku.ContextMenuPageTest" time="2.698" errors="0" timestamp="2022-12-05T21:19:16 MSK" skipped="0">
  <testcase classname="pages.heroku.ContextMenuPageTest" name="isAlertAppearAfterRightClickOnBoxTest" time="2.698"/>
  <system-out/>
</testsuite> <!-- pages.heroku.ContextMenuPageTest -->
