<?xml version="1.0" encoding="UTF-8"?>
<!-- Generated by org.testng.reporters.JUnitReportReporter -->
<testsuite hostname="DESKTOP-V33SLE7" failures="0" tests="1" name="pages.heroku.FramesPageTest" time="3.444" errors="0" timestamp="2022-11-28T21:03:48 MSK" skipped="0">
  <testcase classname="pages.heroku.FramesPageTest" name="isAlignCenterButtonEnabledTest" time="3.444"/>
  <system-out/>
</testsuite> <!-- pages.heroku.FramesPageTest -->
