<?xml version="1.0" encoding="UTF-8"?>
<!-- Generated by org.testng.reporters.JUnitReportReporter -->
<testsuite hostname="DESKTOP-V33SLE7" failures="0" tests="3" name="pages.heroku.JavaScriptAlertsPageTest" time="0.305" errors="0" timestamp="2022-12-07T00:12:46 MSK" skipped="0">
  <testcase classname="pages.heroku.JavaScriptAlertsPageTest" name="isExpectedMessageEqualsActualAfterOkButtonTest" time="0.086"/>
  <system-out/>
  <testcase classname="pages.heroku.JavaScriptAlertsPageTest" name="isExpectedMessageEqualsActualAfterCancelButtonTest" time="0.089"/>
  <system-out/>
  <testcase classname="pages.heroku.JavaScriptAlertsPageTest" name="isActualMessageAfterClosingPromptContainInputDataTest" time="0.130"/>
  <system-out/>
</testsuite> <!-- pages.heroku.JavaScriptAlertsPageTest -->
