<?xml version="1.0" encoding="UTF-8"?>
<!-- Generated by org.testng.reporters.JUnitReportReporter -->
<testsuite hostname="DESKTOP-V33SLE7" failures="0" tests="1" name="pages.onliner.OnlinerHomePageTest" time="7.223" errors="0" timestamp="2022-12-07T00:12:46 MSK" skipped="0">
  <testcase classname="pages.onliner.OnlinerHomePageTest" name="isCaptionOfProductEqualsProductNameInSearchFieldTest" time="7.223"/>
  <system-out/>
</testsuite> <!-- pages.onliner.OnlinerHomePageTest -->
