<?xml version="1.0" encoding="UTF-8"?>
<!-- Generated by org.testng.reporters.JUnitReportReporter -->
<testsuite hostname="DESKTOP-V33SLE7" failures="0" tests="5" name="api.CatFactsTests" time="5.920" errors="0" timestamp="2022-12-09T13:35:40 MSK" skipped="0">
  <testcase classname="api.CatFactsTests" name="areLengthsInResponseEqualsOrLessThanLengthInQueryParameterTest" time="3.712"/>
  <system-out/>
  <testcase classname="api.CatFactsTests" name="isSizeOfFactsInResponseEqualsLimitInQueryParameterTest" time="0.469"/>
  <system-out/>
  <testcase classname="api.CatFactsTests" name="checkStatusCodeGetFactsTest" time="0.480"/>
  <system-out/>
  <testcase classname="api.CatFactsTests" name="isLengthInResponseEqualsOrLessThanLengthInQueryParameterTest" time="0.726"/>
  <system-out/>
  <testcase classname="api.CatFactsTests" name="checkStatusCodeGetFactTest" time="0.533"/>
  <system-out/>
</testsuite> <!-- api.CatFactsTests -->
