<?xml version="1.0" encoding="UTF-8"?>
<!-- Generated by org.testng.reporters.JUnitReportReporter -->
<testsuite hostname="DESKTOP-V33SLE7" failures="0" tests="2" name="api.BreedTests" time="0.952" errors="0" timestamp="2022-12-09T13:35:40 MSK" skipped="0">
  <testcase classname="api.BreedTests" name="isSizeOfBreedsInResponseEqualsLimitInQueryParameterTest" time="0.474"/>
  <system-out/>
  <testcase classname="api.BreedTests" name="checkStatusCodeGetBreedsTest" time="0.478"/>
  <system-out/>
</testsuite> <!-- api.BreedTests -->
